<?xml version="1.0" encoding="UTF-8"?>
<!-- Generated by org.testng.reporters.JUnitReportReporter -->
<testsuite hostname="DESKTOP-7CGC82H" failures="0" tests="1" name="Runners.Runner" time="8.919" errors="0" timestamp="2024-12-07T00:25:47 IST" skipped="0">
  <testcase classname="Runners.Runner" name="runScenario" time="8.919"/>
  <system-out/>
</testsuite> <!-- Runners.Runner -->
