<?xml version="1.0" encoding="UTF-8"?>
<!-- Generated by org.testng.reporters.JUnitReportReporter -->
<testsuite hostname="DESKTOP-7CGC82H" failures="0" tests="1" name="Runners.Runner" time="6.578" errors="0" timestamp="2024-04-13T10:56:27 IST" skipped="0">
  <testcase classname="Runners.Runner" name="runScenario" time="6.578"/>
  <system-out/>
</testsuite> <!-- Runners.Runner -->
